<?xml version="1.0" encoding="UTF-8"?>
<!-- Generated by org.testng.reporters.JUnitXMLReporter -->
<testsuite ignored="0" hostname="LAPTOP-BIM2FR3V" failures="0" tests="4" name="Test" time="37.07" errors="0" timestamp="2025-05-27T11:03:56 IST">
  <testcase classname="testScenarios.SwitchingWindows" name="switchWin" time="13.001"/>
  <testcase classname="testScenarios.MouseHover" name="DragAndDrop" time="6.796"/>
  <testcase classname="testScenarios.DynamicHand" name="DynHand" time="7.445"/>
  <testcase classname="testScenarios.DatePicker" name="selDate" time="9.77"/>
</testsuite> <!-- Test -->
