<?xml version="1.0" encoding="UTF-8"?>
<!-- Generated by org.testng.reporters.JUnitXMLReporter -->
<testsuite ignored="0" hostname="LAPTOP-BIM2FR3V" failures="0" tests="4" name="Test" time="36.931" errors="0" timestamp="2025-05-27T11:34:15 IST">
  <testcase classname="testScenarios.SwitchingWindows" name="switchWin" time="9.932"/>
  <testcase classname="testScenarios.MouseHover" name="DragAndDrop" time="7.133"/>
  <testcase classname="testScenarios.DynamicHand" name="DynHand" time="8.05"/>
  <testcase classname="testScenarios.DatePicker" name="selDate" time="11.729"/>
</testsuite> <!-- Test -->
