<?xml version="1.0" encoding="UTF-8"?>
<testsuite xmlns:xsi="http://www.w3.org/2001/XMLSchema-instance" xsi:noNamespaceSchemaLocation="https://maven.apache.org/surefire/maven-surefire-plugin/xsd/surefire-test-report.xsd" version="3.0.1" name="TestSuite" time="37.944" tests="4" errors="0" skipped="0" failures="0">
  <properties>
[...]
</properties>
  <testcase name="switchWin" classname="testScenarios.SwitchingWindows" time="9.933">
    <system-out><![CDATA[904C0125E111B2D3B116B12B00589C21
3FF190007501273D3980A4F3EB05FF67
Window1 title=W3Schools Tryit Editor
Window2 title=W3Schools Online Web Tutorials
true
total Windows opened=2
]]></system-out>
    <system-err><![CDATA[SLF4J(W): No SLF4J providers were found.
SLF4J(W): Defaulting to no-operation (NOP) logger implementation
SLF4J(W): See https://www.slf4j.org/codes.html#noProviders for further details.
]]></system-err>
  </testcase>
  <testcase name="DragAndDrop" classname="testScenarios.MouseHover" time="7.135"/>
  <testcase name="DynHand" classname="testScenarios.DynamicHand" time="8.05">
    <system-out><![CDATA[What is 6 + 1
true
Calculation is correct
What is 5 + 4
true
Calculation is correct
What is 6 + 8
true
Calculation is correct
What is 1 + 4
true
Calculation is correct
]]></system-out>
  </testcase>
  <testcase name="selDate" classname="testScenarios.DatePicker" time="11.732"/>
</testsuite>