<?xml version="1.0" encoding="UTF-8"?>
<testng-results ignored="0" total="4" passed="4" failed="0" skipped="0">
  <reporter-output>
  </reporter-output>
  <suite started-at="2025-05-27T11:03:18 IST" name="Suite" finished-at="2025-05-27T11:03:55 IST" duration-ms="37070">
    <groups>
    </groups>
    <test started-at="2025-05-27T11:03:18 IST" name="Test" finished-at="2025-05-27T11:03:55 IST" duration-ms="37070">
      <class name="testScenarios.DynamicHand">
        <test-method signature="DynHand()[pri:0, instance:testScenarios.DynamicHand@647e447]" started-at="2025-05-27T11:03:38 IST" name="DynHand" finished-at="2025-05-27T11:03:46 IST" duration-ms="7445" status="PASS">
          <reporter-output>
          </reporter-output>
        </test-method> <!-- DynHand -->
      </class> <!-- testScenarios.DynamicHand -->
      <class name="testScenarios.SwitchingWindows">
        <test-method signature="switchWin()[pri:0, instance:testScenarios.SwitchingWindows@2145b572]" started-at="2025-05-27T11:03:18 IST" name="switchWin" finished-at="2025-05-27T11:03:31 IST" duration-ms="13001" status="PASS">
          <reporter-output>
          </reporter-output>
        </test-method> <!-- switchWin -->
      </class> <!-- testScenarios.SwitchingWindows -->
      <class name="testScenarios.MouseHover">
        <test-method signature="DragAndDrop()[pri:0, instance:testScenarios.MouseHover@3427b02d]" started-at="2025-05-27T11:03:31 IST" name="DragAndDrop" finished-at="2025-05-27T11:03:38 IST" duration-ms="6796" status="PASS">
          <reporter-output>
          </reporter-output>
        </test-method> <!-- DragAndDrop -->
      </class> <!-- testScenarios.MouseHover -->
      <class name="testScenarios.DatePicker">
        <test-method signature="selDate()[pri:0, instance:testScenarios.DatePicker@41fbdac4]" started-at="2025-05-27T11:03:46 IST" name="selDate" finished-at="2025-05-27T11:03:55 IST" duration-ms="9770" status="PASS">
          <reporter-output>
          </reporter-output>
        </test-method> <!-- selDate -->
      </class> <!-- testScenarios.DatePicker -->
    </test> <!-- Test -->
  </suite> <!-- Suite -->
</testng-results>
